# JRE version: Java(TM) SE Runtime Environment (8.0_151-b12) (build 1.8.0_151-b12)
# Java VM: Java HotSpot(TM) 64-Bit Server VM (25.151-b12 mixed mode linux-amd64 compressed oops)
Heap:
 PSYoungGen      total 136192K, used 10216K [0x00000000d7100000, 0x00000000e0100000, 0x0000000100000000)
  eden space 125952K, 0% used [0x00000000d7100000,0x00000000d7100000,0x00000000dec00000)
  from space 10240K, 99% used [0x00000000dec00000,0x00000000df5fa348,0x00000000df600000)
  to   space 9216K, 0% used [0x00000000df600000,0x00000000df600000,0x00000000dff00000)
 ParOldGen       total 84992K, used 22113K [0x0000000085200000, 0x000000008a500000, 0x00000000d7100000)
  object space 84992K, 26% used [0x0000000085200000,0x0000000086798728,0x000000008a500000)
 Metaspace       used 20618K, capacity 21192K, committed 21296K, reserved 1069056K
  class space    used 2438K, capacity 2640K, committed 2688K, reserved 1048576K
GC Heap History (10 events):
Event: 1,071 GC heap after
Heap after GC invocations=2 (full 0):
 PSYoungGen      total 36864K, used 5103K [0x00000000d7100000, 0x00000000db900000, 0x0000000100000000)
  eden space 31744K, 0% used [0x00000000d7100000,0x00000000d7100000,0x00000000d9000000)
  from space 5120K, 99% used [0x00000000d9500000,0x00000000d99fbfe0,0x00000000d9a00000)
  to   space 5120K, 0% used [0x00000000d9000000,0x00000000d9000000,0x00000000d9500000)
 ParOldGen       total 84992K, used 2210K [0x0000000085200000, 0x000000008a500000, 0x00000000d7100000)
  object space 84992K, 2% used [0x0000000085200000,0x00000000854289a0,0x000000008a500000)
 Metaspace       used 12744K, capacity 13056K, committed 13312K, reserved 1060864K
  class space    used 1576K, capacity 1683K, committed 1792K, reserved 1048576K
}
Event: 1,311 GC heap before
{Heap before GC invocations=3 (full 0):
 PSYoungGen      total 36864K, used 36847K [0x00000000d7100000, 0x00000000db900000, 0x0000000100000000)
  eden space 31744K, 100% used [0x00000000d7100000,0x00000000d9000000,0x00000000d9000000)
  from space 5120K, 99% used [0x00000000d9500000,0x00000000d99fbfe0,0x00000000d9a00000)
  to   space 5120K, 0% used [0x00000000d9000000,0x00000000d9000000,0x00000000d9500000)
 ParOldGen       total 84992K, used 2210K [0x0000000085200000, 0x000000008a500000, 0x00000000d7100000)
  object space 84992K, 2% used [0x0000000085200000,0x00000000854289a0,0x000000008a500000)
 Metaspace       used 13295K, capacity 13636K, committed 13824K, reserved 1060864K
  class space    used 1616K, capacity 1726K, committed 1792K, reserved 1048576K
Event: 1,317 GC heap after
Heap after GC invocations=3 (full 0):
 PSYoungGen      total 36864K, used 5104K [0x00000000d7100000, 0x00000000db900000, 0x0000000100000000)
  eden space 31744K, 0% used [0x00000000d7100000,0x00000000d7100000,0x00000000d9000000)
  from space 5120K, 99% used [0x00000000d9000000,0x00000000d94fc070,0x00000000d9500000)
  to   space 5120K, 0% used [0x00000000db400000,0x00000000db400000,0x00000000db900000)
 ParOldGen       total 84992K, used 3035K [0x0000000085200000, 0x000000008a500000, 0x00000000d7100000)
  object space 84992K, 3% used [0x0000000085200000,0x00000000854f6ee8,0x000000008a500000)
 Metaspace       used 13295K, capacity 13636K, committed 13824K, reserved 1060864K
  class space    used 1616K, capacity 1726K, committed 1792K, reserved 1048576K
}
Event: 1,456 GC heap before
{Heap before GC invocations=4 (full 0):
 PSYoungGen      total 36864K, used 36848K [0x00000000d7100000, 0x00000000db900000, 0x0000000100000000)
  eden space 31744K, 100% used [0x00000000d7100000,0x00000000d9000000,0x00000000d9000000)
  from space 5120K, 99% used [0x00000000d9000000,0x00000000d94fc070,0x00000000d9500000)
  to   space 5120K, 0% used [0x00000000db400000,0x00000000db400000,0x00000000db900000)
 ParOldGen       total 84992K, used 3035K [0x0000000085200000, 0x000000008a500000, 0x00000000d7100000)
  object space 84992K, 3% used [0x0000000085200000,0x00000000854f6ee8,0x000000008a500000)
 Metaspace       used 13473K, capacity 13860K, committed 14080K, reserved 1060864K
  class space    used 1634K, capacity 1758K, committed 1792K, reserved 1048576K
Event: 1,463 GC heap after
Heap after GC invocations=4 (full 0):
 PSYoungGen      total 68608K, used 5088K [0x00000000d7100000, 0x00000000db900000, 0x0000000100000000)
  eden space 63488K, 0% used [0x00000000d7100000,0x00000000d7100000,0x00000000daf00000)
  from space 5120K, 99% used [0x00000000db400000,0x00000000db8f8020,0x00000000db900000)
  to   space 5120K, 0% used [0x00000000daf00000,0x00000000daf00000,0x00000000db400000)
 ParOldGen       total 84992K, used 5013K [0x0000000085200000, 0x000000008a500000, 0x00000000d7100000)
  object space 84992K, 5% used [0x0000000085200000,0x00000000856e56d8,0x000000008a500000)
 Metaspace       used 13473K, capacity 13860K, committed 14080K, reserved 1060864K
  class space    used 1634K, capacity 1758K, committed 1792K, reserved 1048576K
}
Event: 1,744 GC heap before
{Heap before GC invocations=5 (full 0):
 PSYoungGen      total 68608K, used 68576K [0x00000000d7100000, 0x00000000db900000, 0x0000000100000000)
  eden space 63488K, 100% used [0x00000000d7100000,0x00000000daf00000,0x00000000daf00000)
  from space 5120K, 99% used [0x00000000db400000,0x00000000db8f8020,0x00000000db900000)
  to   space 5120K, 0% used [0x00000000daf00000,0x00000000daf00000,0x00000000db400000)
 ParOldGen       total 84992K, used 5013K [0x0000000085200000, 0x000000008a500000, 0x00000000d7100000)
  object space 84992K, 5% used [0x0000000085200000,0x00000000856e56d8,0x000000008a500000)
 Metaspace       used 13685K, capacity 14018K, committed 14080K, reserved 1060864K
  class space    used 1639K, capacity 1763K, committed 1792K, reserved 1048576K
Event: 1,761 GC heap after
Heap after GC invocations=5 (full 0):
 PSYoungGen      total 68608K, used 5104K [0x00000000d7100000, 0x00000000dff00000, 0x0000000100000000)
  eden space 63488K, 0% used [0x00000000d7100000,0x00000000d7100000,0x00000000daf00000)
  from space 5120K, 99% used [0x00000000daf00000,0x00000000db3fc030,0x00000000db400000)
  to   space 9216K, 0% used [0x00000000df600000,0x00000000df600000,0x00000000dff00000)
 ParOldGen       total 84992K, used 8293K [0x0000000085200000, 0x000000008a500000, 0x00000000d7100000)
  object space 84992K, 9% used [0x0000000085200000,0x0000000085a196d8,0x000000008a500000)
 Metaspace       used 13685K, capacity 14018K, committed 14080K, reserved 1060864K
  class space    used 1639K, capacity 1763K, committed 1792K, reserved 1048576K
}
Event: 2,230 GC heap before
{Heap before GC invocations=6 (full 0):
 PSYoungGen      total 68608K, used 68592K [0x00000000d7100000, 0x00000000dff00000, 0x0000000100000000)
  eden space 63488K, 100% used [0x00000000d7100000,0x00000000daf00000,0x00000000daf00000)
  from space 5120K, 99% used [0x00000000daf00000,0x00000000db3fc030,0x00000000db400000)
  to   space 9216K, 0% used [0x00000000df600000,0x00000000df600000,0x00000000dff00000)
 ParOldGen       total 84992K, used 8293K [0x0000000085200000, 0x000000008a500000, 0x00000000d7100000)
  object space 84992K, 9% used [0x0000000085200000,0x0000000085a196d8,0x000000008a500000)
 Metaspace       used 15105K, capacity 15536K, committed 15872K, reserved 1062912K
  class space    used 1792K, capacity 1944K, committed 2048K, reserved 1048576K
Event: 2,238 GC heap after
Heap after GC invocations=6 (full 0):
 PSYoungGen      total 135168K, used 8772K [0x00000000d7100000, 0x00000000e0100000, 0x0000000100000000)
  eden space 125952K, 0% used [0x00000000d7100000,0x00000000d7100000,0x00000000dec00000)
  from space 9216K, 95% used [0x00000000df600000,0x00000000dfe91060,0x00000000dff00000)
  to   space 10240K, 0% used [0x00000000dec00000,0x00000000dec00000,0x00000000df600000)
 ParOldGen       total 84992K, used 8301K [0x0000000085200000, 0x000000008a500000, 0x00000000d7100000)
  object space 84992K, 9% used [0x0000000085200000,0x0000000085a1b6d8,0x000000008a500000)
 Metaspace       used 15105K, capacity 15536K, committed 15872K, reserved 1062912K
  class space    used 1792K, capacity 1944K, committed 2048K, reserved 1048576K
}
Event: 3,153 GC heap before
{Heap before GC invocations=7 (full 0):
 PSYoungGen      total 135168K, used 111778K [0x00000000d7100000, 0x00000000e0100000, 0x0000000100000000)
  eden space 125952K, 81% used [0x00000000d7100000,0x00000000dd597930,0x00000000dec00000)
  from space 9216K, 95% used [0x00000000df600000,0x00000000dfe91060,0x00000000dff00000)
  to   space 10240K, 0% used [0x00000000dec00000,0x00000000dec00000,0x00000000df600000)
 ParOldGen       total 84992K, used 8301K [0x0000000085200000, 0x000000008a500000, 0x00000000d7100000)
  object space 84992K, 9% used [0x0000000085200000,0x0000000085a1b6d8,0x000000008a500000)
 Metaspace       used 20618K, capacity 21192K, committed 21296K, reserved 1069056K
  class space    used 2438K, capacity 2640K, committed 2688K, reserved 1048576K

